c:\users\bulat\source\repos\oop_lab3\oop_lab3\debug\vc141.pdb
c:\users\bulat\source\repos\oop_lab3\oop_lab3\debug\vc141.idb
c:\users\bulat\source\repos\oop_lab3\oop_lab3\debug\cell.obj
c:\users\bulat\source\repos\oop_lab3\oop_lab3\debug\controller.obj
c:\users\bulat\source\repos\oop_lab3\oop_lab3\debug\event.obj
c:\users\bulat\source\repos\oop_lab3\oop_lab3\debug\field.obj
c:\users\bulat\source\repos\oop_lab3\oop_lab3\debug\logic.obj
c:\users\bulat\source\repos\oop_lab3\oop_lab3\debug\logictest.obj
c:\users\bulat\source\repos\oop_lab3\oop_lab3\debug\player.obj
c:\users\bulat\source\repos\oop_lab3\oop_lab3\debug\session.obj
c:\users\bulat\source\repos\oop_lab3\oop_lab3\debug\ship.obj
c:\users\bulat\source\repos\oop_lab3\oop_lab3\debug\shipconsolesession.obj
c:\users\bulat\source\repos\oop_lab3\oop_lab3\debug\test.obj
c:\users\bulat\source\repos\oop_lab3\oop_lab3\debug\viewer.obj
c:\users\bulat\source\repos\oop_lab3\debug\oop_lab3.exe
c:\users\bulat\source\repos\oop_lab3\debug\oop_lab3.ilk
c:\users\bulat\source\repos\oop_lab3\debug\oop_lab3.pdb
c:\users\bulat\source\repos\oop_lab3\debug\gtest.pdb
c:\users\bulat\source\repos\oop_lab3\debug\gtest_main.pdb
c:\users\bulat\source\repos\oop_lab3\oop_lab3\debug\oop_lab3.tlog\cl.command.1.tlog
c:\users\bulat\source\repos\oop_lab3\oop_lab3\debug\oop_lab3.tlog\cl.read.1.tlog
c:\users\bulat\source\repos\oop_lab3\oop_lab3\debug\oop_lab3.tlog\cl.write.1.tlog
c:\users\bulat\source\repos\oop_lab3\oop_lab3\debug\oop_lab3.tlog\link.command.1.tlog
c:\users\bulat\source\repos\oop_lab3\oop_lab3\debug\oop_lab3.tlog\link.read.1.tlog
c:\users\bulat\source\repos\oop_lab3\oop_lab3\debug\oop_lab3.tlog\link.write.1.tlog
c:\users\bulat\source\repos\oop_lab3\oop_lab3\debug\oop_lab3.tlog\oop_lab3.write.1u.tlog
